<?xml version="1.0" encoding="UTF-8"?>
<!-- Generated by org.testng.reporters.JUnitReportReporter -->
<testsuite hostname="LAPTOP-JD2QOGDD" failures="0" tests="5" name="testcases.LoginTestCase" time="47.170" errors="0" timestamp="2021-06-17T14:37:47 IST" skipped="0">
  <testcase classname="testcases.LoginTestCase" name="testfordataprovider" time="0.002"/>
  <system-out/>
  <testcase classname="testcases.LoginTestCase" name="qaAccademyLogin" time="14.264"/>
  <system-out/>
  <testcase classname="testcases.LoginTestCase" name="testfordataprovider" time="0.002"/>
  <system-out/>
  <testcase classname="testcases.LoginTestCase" name="testfordataprovider" time="0.002"/>
  <system-out/>
  <testcase classname="testcases.LoginTestCase" name="facebooklogintest" time="32.900"/>
  <system-out/>
</testsuite> <!-- testcases.LoginTestCase -->
